# JRE version: Java(TM) SE Runtime Environment (21.0.4+8) (build 21.0.4+8-LTS-274)
# Java VM: Java HotSpot(TM) 64-Bit Server VM (21.0.4+8-LTS-274, mixed mode, sharing, tiered, compressed oops, compressed class ptrs, g1 gc, windows-amd64)
GC Precious Log:
 CardTable entry size: 512
 Card Set container configuration: InlinePtr #cards 5 size 8 Array Of Cards #cards 12 size 40 Howl #buckets 4 coarsen threshold 1843 Howl Bitmap #cards 512 size 80 coarsen threshold 460 Card regions per heap region 1 cards per card region 2048
 CPUs: 4 total, 4 available
 Memory: 3818M
 Large Page Support: Disabled
 NUMA Support: Disabled
 Compressed Oops: Enabled (32-bit)
 Heap Region Size: 1M
 Heap Min Capacity: 8M
 Heap Initial Capacity: 60M
 Heap Max Capacity: 956M
 Pre-touch: Disabled
 Parallel Workers: 4
 Concurrent Workers: 1
 Concurrent Refinement Workers: 4
 Periodic GC: Disabled
Heap:
 garbage-first heap   total 61440K, used 25476K [0x00000000c4400000, 0x0000000100000000)
  region size 1024K, 1 young (1024K), 1 survivors (1024K)
 Metaspace       used 7082K, committed 7232K, reserved 1114112K
  class space    used 732K, committed 832K, reserved 1048576K
GC Heap History (11 events):
Event: 0.737 GC heap before
{Heap before GC invocations=0 (full 0):
 garbage-first heap   total 61440K, used 22528K [0x00000000c4400000, 0x0000000100000000)
  region size 1024K, 13 young (13312K), 0 survivors (0K)
 Metaspace       used 4885K, committed 5120K, reserved 1114112K
  class space    used 494K, committed 640K, reserved 1048576K
}
Event: 0.743 GC heap after
{Heap after GC invocations=1 (full 0):
 garbage-first heap   total 61440K, used 11740K [0x00000000c4400000, 0x0000000100000000)
  region size 1024K, 2 young (2048K), 2 survivors (2048K)
 Metaspace       used 4885K, committed 5120K, reserved 1114112K
  class space    used 494K, committed 640K, reserved 1048576K
}
Event: 1.770 GC heap before
{Heap before GC invocations=1 (full 0):
 garbage-first heap   total 61440K, used 39388K [0x00000000c4400000, 0x0000000100000000)
  region size 1024K, 14 young (14336K), 2 survivors (2048K)
 Metaspace       used 7067K, committed 7232K, reserved 1114112K
  class space    used 730K, committed 832K, reserved 1048576K
}
Event: 1.775 GC heap after
{Heap after GC invocations=2 (full 0):
 garbage-first heap   total 61440K, used 29827K [0x00000000c4400000, 0x0000000100000000)
  region size 1024K, 1 young (1024K), 1 survivors (1024K)
 Metaspace       used 7067K, committed 7232K, reserved 1114112K
  class space    used 730K, committed 832K, reserved 1048576K
}
Event: 1.792 GC heap before
{Heap before GC invocations=3 (full 0):
 garbage-first heap   total 61440K, used 29827K [0x00000000c4400000, 0x0000000100000000)
  region size 1024K, 2 young (2048K), 1 survivors (1024K)
 Metaspace       used 7069K, committed 7232K, reserved 1114112K
  class space    used 730K, committed 832K, reserved 1048576K
}
Event: 1.793 GC heap after
{Heap after GC invocations=4 (full 0):
 garbage-first heap   total 61440K, used 19397K [0x00000000c4400000, 0x0000000100000000)
  region size 1024K, 1 young (1024K), 1 survivors (1024K)
 Metaspace       used 7069K, committed 7232K, reserved 1114112K
  class space    used 730K, committed 832K, reserved 1048576K
}
Event: 1.860 GC heap before
{Heap before GC invocations=4 (full 0):
 garbage-first heap   total 61440K, used 27589K [0x00000000c4400000, 0x0000000100000000)
  region size 1024K, 2 young (2048K), 1 survivors (1024K)
 Metaspace       used 7075K, committed 7232K, reserved 1114112K
  class space    used 732K, committed 832K, reserved 1048576K
}
Event: 1.861 GC heap after
{Heap after GC invocations=5 (full 0):
 garbage-first heap   total 61440K, used 25485K [0x00000000c4400000, 0x0000000100000000)
  region size 1024K, 1 young (1024K), 1 survivors (1024K)
 Metaspace       used 7075K, committed 7232K, reserved 1114112K
  class space    used 732K, committed 832K, reserved 1048576K
}
Event: 1.879 GC heap before
{Heap before GC invocations=5 (full 0):
 garbage-first heap   total 61440K, used 27533K [0x00000000c4400000, 0x0000000100000000)
  region size 1024K, 2 young (2048K), 1 survivors (1024K)
 Metaspace       used 7075K, committed 7232K, reserved 1114112K
  class space    used 732K, committed 832K, reserved 1048576K
}
Event: 1.880 GC heap after
{Heap after GC invocations=6 (full 0):
 garbage-first heap   total 61440K, used 19325K [0x00000000c4400000, 0x0000000100000000)
  region size 1024K, 1 young (1024K), 1 survivors (1024K)
 Metaspace       used 7075K, committed 7232K, reserved 1114112K
  class space    used 732K, committed 832K, reserved 1048576K
}
Event: 1.942 GC heap before
{Heap before GC invocations=6 (full 0):
 garbage-first heap   total 61440K, used 27517K [0x00000000c4400000, 0x0000000100000000)
  region size 1024K, 2 young (2048K), 1 survivors (1024K)
 Metaspace       used 7082K, committed 7232K, reserved 1114112K
  class space    used 732K, committed 832K, reserved 1048576K
}

